[23/May/2023 23:27:57] INFO [main.py:__init__:18] Starting HX2.5 PC Controller
[23/May/2023 23:27:57] INFO [application.py:__init__:140] Initializing application window
[23/May/2023 23:27:57] DEBUG [application.py:__init__:151] Creating piezo 1 elements
[23/May/2023 23:27:57] DEBUG [application.py:__init__:195] Creating piezo 2 elements
[23/May/2023 23:27:57] DEBUG [application.py:__init__:239] Creating rope heater elements
[23/May/2023 23:27:57] DEBUG [application.py:__init__:259] Creating heater block elements
[23/May/2023 23:27:57] DEBUG [application.py:__init__:279] Creating plot animation elements
[23/May/2023 23:27:57] DEBUG [application.py:__init__:299] Creating other elements
[23/May/2023 23:27:57] DEBUG [application.py:__init__:325] Creating layouts
[23/May/2023 23:27:57] DEBUG [application.py:__init__:334] Adding widgets to left layout
[23/May/2023 23:27:57] DEBUG [application.py:__init__:358] Adding widgets to middle layout
[23/May/2023 23:27:57] DEBUG [application.py:__init__:363] Adding widgets to right layout
[23/May/2023 23:27:57] DEBUG [application.py:__init__:374] Aligning layouts
[23/May/2023 23:27:57] DEBUG [application.py:__init__:382] Creating widgets for vertical layouts
[23/May/2023 23:27:57] DEBUG [application.py:__init__:393] Creating main widget (application window)
[23/May/2023 23:27:57] DEBUG [application.py:__init__:403] Connecting signals to callback functions
[23/May/2023 23:27:57] DEBUG [application.py:init_update_all_slider_elements:463] Updating all slider elements to initial values for label updates
[23/May/2023 23:28:02] INFO [application.py:enable_piezo_2:582] Piezo 2 enabled
[23/May/2023 23:28:06] INFO [application.py:enable_piezo_2:584] Piezo 2 disabled
[23/May/2023 23:28:08] INFO [application.py:enable_piezo_2:582] Piezo 2 enabled
[23/May/2023 23:28:10] INFO [application.py:enable_piezo_2:584] Piezo 2 disabled
[23/May/2023 23:28:11] INFO [application.py:enable_piezo_2:582] Piezo 2 enabled
[23/May/2023 23:28:13] INFO [application.py:enable_piezo_2:584] Piezo 2 disabled
[23/May/2023 23:28:13] INFO [application.py:enable_piezo_1:576] Piezo 1 enabled
[23/May/2023 23:28:16] INFO [application.py:enable_piezo_2:582] Piezo 2 enabled
[23/May/2023 23:28:17] INFO [application.py:enable_piezo_1:578] Piezo 1 disabled
[23/May/2023 23:28:18] INFO [application.py:enable_piezo_2:584] Piezo 2 disabled
