[24/May/2023 00:18:28] INFO [main.py:__init__:18] Starting HX2.5 PC Controller
[24/May/2023 00:18:28] INFO [application.py:__init__:141] Initializing application window
[24/May/2023 00:18:28] DEBUG [application.py:__init__:179] Creating piezo 1 elements
[24/May/2023 00:18:28] DEBUG [application.py:__init__:229] Creating piezo 2 elements
[24/May/2023 00:18:28] DEBUG [application.py:__init__:278] Creating rope heater elements
[24/May/2023 00:18:28] DEBUG [application.py:__init__:301] Creating heater block elements
[24/May/2023 00:18:28] DEBUG [application.py:__init__:324] Creating plot animation elements
[24/May/2023 00:18:28] DEBUG [application.py:__init__:344] Creating other elements
[24/May/2023 00:18:28] DEBUG [application.py:__init__:379] Creating layouts
[24/May/2023 00:18:28] DEBUG [application.py:__init__:388] Adding widgets to left layout
[24/May/2023 00:18:28] DEBUG [application.py:__init__:412] Adding widgets to middle layout
[24/May/2023 00:18:28] DEBUG [application.py:__init__:417] Adding widgets to right layout
[24/May/2023 00:18:28] DEBUG [application.py:__init__:428] Aligning layouts
[24/May/2023 00:18:28] DEBUG [application.py:__init__:446] Creating widgets for vertical layouts
[24/May/2023 00:18:28] DEBUG [application.py:__init__:457] Creating main widget (application window)
[24/May/2023 00:18:28] DEBUG [application.py:__init__:467] Connecting signals to callback functions
[24/May/2023 00:18:28] DEBUG [application.py:init_update_all_slider_elements:527] Updating all slider elements to initial values for label updates
[24/May/2023 00:18:30] INFO [application.py:enable_heater_block:656] Heater block enabled
[24/May/2023 00:18:31] INFO [application.py:enable_heater_block:658] Heater block disabled
[24/May/2023 00:18:32] INFO [application.py:enable_rope_heater:650] Rope heater enabled
[24/May/2023 00:18:32] INFO [application.py:enable_rope_heater:652] Rope heater disabled
[24/May/2023 00:18:33] INFO [application.py:enable_heater_block:656] Heater block enabled
[24/May/2023 00:18:34] INFO [application.py:enable_heater_block:658] Heater block disabled
