[23/May/2023 22:59:33] INFO [main.py:__init__:18] Starting HX2.5 PC Controller
[23/May/2023 22:59:33] INFO [application.py:__init__:137] Initializing application window
[23/May/2023 22:59:33] DEBUG [application.py:__init__:148] Creating piezo 1 elements
[23/May/2023 22:59:33] DEBUG [application.py:__init__:192] Creating piezo 2 elements
[23/May/2023 22:59:33] DEBUG [application.py:__init__:236] Creating rope heater elements
[23/May/2023 22:59:33] DEBUG [application.py:__init__:256] Creating heater block elements
[23/May/2023 22:59:33] DEBUG [application.py:__init__:276] Creating plot animation elements
[23/May/2023 22:59:34] DEBUG [application.py:__init__:296] Creating other elements
[23/May/2023 22:59:34] DEBUG [application.py:__init__:322] Creating layouts
[23/May/2023 22:59:34] DEBUG [application.py:__init__:331] Adding widgets to left layout
[23/May/2023 22:59:34] DEBUG [application.py:__init__:355] Adding widgets to middle layout
[23/May/2023 22:59:34] DEBUG [application.py:__init__:360] Adding widgets to right layout
[23/May/2023 22:59:34] DEBUG [application.py:__init__:370] Aligning layouts
[23/May/2023 22:59:34] DEBUG [application.py:__init__:376] Creating main widget (application window)
[23/May/2023 22:59:34] DEBUG [application.py:__init__:386] Connecting signals to callback functions
[23/May/2023 22:59:39] INFO [application.py:enable_piezo_1:541] Piezo 1 enabled
[23/May/2023 22:59:41] INFO [application.py:enable_piezo_1:543] Piezo 1 disabled
[23/May/2023 22:59:43] INFO [application.py:enable_piezo_2:547] Piezo 2 enabled
[23/May/2023 22:59:44] INFO [application.py:enable_piezo_2:549] Piezo 2 disabled
[23/May/2023 23:00:01] INFO [application.py:enable_piezo_1:541] Piezo 1 enabled
[23/May/2023 23:00:02] INFO [application.py:update_piezo_1_phase_slider_label:454] Piezo 1 phase label update: 1 (deg)
[23/May/2023 23:00:02] INFO [application.py:update_piezo_1_phase_slider_label:454] Piezo 1 phase label update: 2 (deg)
[23/May/2023 23:00:02] INFO [application.py:update_piezo_1_phase_slider_label:454] Piezo 1 phase label update: 3 (deg)
[23/May/2023 23:00:02] INFO [application.py:update_piezo_1_phase_slider_label:454] Piezo 1 phase label update: 4 (deg)
[23/May/2023 23:00:02] INFO [application.py:update_piezo_1_phase_slider_label:454] Piezo 1 phase label update: 5 (deg)
[23/May/2023 23:00:02] INFO [application.py:update_piezo_1_phase_slider_label:454] Piezo 1 phase label update: 6 (deg)
[23/May/2023 23:00:02] INFO [application.py:update_piezo_1_phase_slider_label:454] Piezo 1 phase label update: 7 (deg)
[23/May/2023 23:00:02] INFO [application.py:update_piezo_1_phase_slider_label:454] Piezo 1 phase label update: 8 (deg)
[23/May/2023 23:00:02] INFO [application.py:update_piezo_1_phase_slider_label:454] Piezo 1 phase label update: 9 (deg)
[23/May/2023 23:00:02] INFO [application.py:update_piezo_1_phase_slider_label:454] Piezo 1 phase label update: 10 (deg)
[23/May/2023 23:00:02] INFO [application.py:update_piezo_1_phase_slider_label:454] Piezo 1 phase label update: 11 (deg)
[23/May/2023 23:00:02] INFO [application.py:update_piezo_1_phase_slider_label:454] Piezo 1 phase label update: 12 (deg)
[23/May/2023 23:00:02] INFO [application.py:update_piezo_1_phase_slider_label:454] Piezo 1 phase label update: 13 (deg)
[23/May/2023 23:00:02] INFO [application.py:update_piezo_1_phase_slider_label:454] Piezo 1 phase label update: 14 (deg)
[23/May/2023 23:00:02] INFO [application.py:update_piezo_1_phase_slider_label:454] Piezo 1 phase label update: 15 (deg)
[23/May/2023 23:00:02] INFO [application.py:update_piezo_1_phase_slider_label:454] Piezo 1 phase label update: 16 (deg)
[23/May/2023 23:00:02] INFO [application.py:update_piezo_1_phase_slider_label:454] Piezo 1 phase label update: 17 (deg)
[23/May/2023 23:00:02] INFO [application.py:update_piezo_1_phase_slider_label:454] Piezo 1 phase label update: 18 (deg)
[23/May/2023 23:00:02] INFO [application.py:update_piezo_1_phase_slider_label:454] Piezo 1 phase label update: 19 (deg)
[23/May/2023 23:00:02] INFO [application.py:update_piezo_1_phase_slider_label:454] Piezo 1 phase label update: 20 (deg)
[23/May/2023 23:00:02] INFO [application.py:update_piezo_1_phase_slider_label:454] Piezo 1 phase label update: 21 (deg)
[23/May/2023 23:00:02] INFO [application.py:update_piezo_1_phase_slider_label:454] Piezo 1 phase label update: 22 (deg)
[23/May/2023 23:00:02] INFO [application.py:update_piezo_1_phase_slider_label:454] Piezo 1 phase label update: 23 (deg)
[23/May/2023 23:00:02] INFO [application.py:update_piezo_1_phase_slider_label:454] Piezo 1 phase label update: 24 (deg)
[23/May/2023 23:00:02] INFO [application.py:update_piezo_1_phase_slider_label:454] Piezo 1 phase label update: 25 (deg)
[23/May/2023 23:00:02] INFO [application.py:update_piezo_1_phase_slider_label:454] Piezo 1 phase label update: 26 (deg)
[23/May/2023 23:00:02] INFO [application.py:update_piezo_1_phase_slider_label:454] Piezo 1 phase label update: 27 (deg)
[23/May/2023 23:00:02] INFO [application.py:update_piezo_1_phase_slider_label:454] Piezo 1 phase label update: 28 (deg)
[23/May/2023 23:00:02] INFO [application.py:update_piezo_1_phase_slider_label:454] Piezo 1 phase label update: 29 (deg)
[23/May/2023 23:00:02] INFO [application.py:update_piezo_1_phase_slider_label:454] Piezo 1 phase label update: 30 (deg)
[23/May/2023 23:00:02] INFO [application.py:update_piezo_1_phase_slider_label:454] Piezo 1 phase label update: 31 (deg)
[23/May/2023 23:00:02] INFO [application.py:update_piezo_1_phase_slider_label:454] Piezo 1 phase label update: 32 (deg)
[23/May/2023 23:00:02] INFO [application.py:update_piezo_1_phase_slider_label:454] Piezo 1 phase label update: 33 (deg)
[23/May/2023 23:00:02] INFO [application.py:update_piezo_1_phase_slider_label:454] Piezo 1 phase label update: 34 (deg)
[23/May/2023 23:00:02] INFO [application.py:update_piezo_1_phase_slider_label:454] Piezo 1 phase label update: 35 (deg)
[23/May/2023 23:00:02] INFO [application.py:update_piezo_1_phase_slider_label:454] Piezo 1 phase label update: 36 (deg)
[23/May/2023 23:00:02] INFO [application.py:update_piezo_1_phase_slider_label:454] Piezo 1 phase label update: 37 (deg)
[23/May/2023 23:00:02] INFO [application.py:update_piezo_1_phase_slider_label:454] Piezo 1 phase label update: 38 (deg)
[23/May/2023 23:00:02] INFO [application.py:update_piezo_1_phase_slider_label:454] Piezo 1 phase label update: 39 (deg)
[23/May/2023 23:00:02] INFO [application.py:update_piezo_1_phase_slider_label:454] Piezo 1 phase label update: 40 (deg)
[23/May/2023 23:00:02] INFO [application.py:update_piezo_1_phase_slider_label:454] Piezo 1 phase label update: 41 (deg)
[23/May/2023 23:00:02] INFO [application.py:update_piezo_1_phase_slider_label:454] Piezo 1 phase label update: 42 (deg)
[23/May/2023 23:00:02] INFO [application.py:update_piezo_1_phase_slider_label:454] Piezo 1 phase label update: 43 (deg)
[23/May/2023 23:00:02] INFO [application.py:update_piezo_1_phase_slider_label:454] Piezo 1 phase label update: 44 (deg)
[23/May/2023 23:00:02] INFO [application.py:update_piezo_1_phase_slider_label:454] Piezo 1 phase label update: 45 (deg)
[23/May/2023 23:00:02] INFO [application.py:update_piezo_1_phase_slider_label:454] Piezo 1 phase label update: 46 (deg)
[23/May/2023 23:00:02] INFO [application.py:update_piezo_1_phase_slider_label:454] Piezo 1 phase label update: 47 (deg)
[23/May/2023 23:00:02] INFO [application.py:update_piezo_1_phase_slider_label:454] Piezo 1 phase label update: 48 (deg)
[23/May/2023 23:00:02] INFO [application.py:update_piezo_1_phase_slider_label:454] Piezo 1 phase label update: 49 (deg)
[23/May/2023 23:00:02] INFO [application.py:update_piezo_1_phase_slider_label:454] Piezo 1 phase label update: 50 (deg)
[23/May/2023 23:00:02] INFO [application.py:update_piezo_1_phase_slider_label:454] Piezo 1 phase label update: 51 (deg)
[23/May/2023 23:00:02] INFO [application.py:update_piezo_1_phase_slider_label:454] Piezo 1 phase label update: 52 (deg)
[23/May/2023 23:00:02] INFO [application.py:update_piezo_1_phase_slider_label:454] Piezo 1 phase label update: 53 (deg)
[23/May/2023 23:00:02] INFO [application.py:update_piezo_1_phase_slider_label:454] Piezo 1 phase label update: 54 (deg)
[23/May/2023 23:00:02] INFO [application.py:update_piezo_1_phase_slider_label:454] Piezo 1 phase label update: 55 (deg)
[23/May/2023 23:00:02] INFO [application.py:update_piezo_1_phase_slider_label:454] Piezo 1 phase label update: 56 (deg)
[23/May/2023 23:00:02] INFO [application.py:update_piezo_1_phase_slider_label:454] Piezo 1 phase label update: 57 (deg)
[23/May/2023 23:00:02] INFO [application.py:update_piezo_1_phase_slider_label:454] Piezo 1 phase label update: 58 (deg)
[23/May/2023 23:00:02] INFO [application.py:update_piezo_1_phase_slider_label:454] Piezo 1 phase label update: 59 (deg)
[23/May/2023 23:00:02] INFO [application.py:update_piezo_1_phase_slider_label:454] Piezo 1 phase label update: 60 (deg)
[23/May/2023 23:00:02] INFO [application.py:update_piezo_1_phase_slider_label:454] Piezo 1 phase label update: 61 (deg)
[23/May/2023 23:00:02] INFO [application.py:update_piezo_1_phase_slider_label:454] Piezo 1 phase label update: 62 (deg)
[23/May/2023 23:00:02] INFO [application.py:update_piezo_1_phase_slider_label:454] Piezo 1 phase label update: 63 (deg)
[23/May/2023 23:00:02] INFO [application.py:update_piezo_1_phase_slider_label:454] Piezo 1 phase label update: 64 (deg)
[23/May/2023 23:00:02] INFO [application.py:update_piezo_1_phase_slider_label:454] Piezo 1 phase label update: 65 (deg)
[23/May/2023 23:00:02] INFO [application.py:update_piezo_1_phase_slider_label:454] Piezo 1 phase label update: 66 (deg)
[23/May/2023 23:00:02] INFO [application.py:update_piezo_1_phase_slider_label:454] Piezo 1 phase label update: 67 (deg)
[23/May/2023 23:00:02] INFO [application.py:update_piezo_1_phase_slider_label:454] Piezo 1 phase label update: 68 (deg)
[23/May/2023 23:00:02] INFO [application.py:update_piezo_1_phase_slider_label:454] Piezo 1 phase label update: 69 (deg)
[23/May/2023 23:00:02] INFO [application.py:update_piezo_1_phase_slider_label:454] Piezo 1 phase label update: 70 (deg)
[23/May/2023 23:00:03] INFO [application.py:update_piezo_1_phase_slider_label:454] Piezo 1 phase label update: 69 (deg)
[23/May/2023 23:00:03] INFO [application.py:update_piezo_1_phase_slider_label:454] Piezo 1 phase label update: 68 (deg)
[23/May/2023 23:00:03] INFO [application.py:update_piezo_1_phase_slider_label:454] Piezo 1 phase label update: 67 (deg)
[23/May/2023 23:00:03] INFO [application.py:update_piezo_1_phase_slider_label:454] Piezo 1 phase label update: 66 (deg)
[23/May/2023 23:00:03] INFO [application.py:update_piezo_1_phase_slider_label:454] Piezo 1 phase label update: 65 (deg)
[23/May/2023 23:00:03] INFO [application.py:update_piezo_1_phase_slider_label:454] Piezo 1 phase label update: 64 (deg)
[23/May/2023 23:00:03] INFO [application.py:update_piezo_1_phase_slider_label:454] Piezo 1 phase label update: 63 (deg)
[23/May/2023 23:00:03] INFO [application.py:update_piezo_1_phase_slider_label:454] Piezo 1 phase label update: 62 (deg)
[23/May/2023 23:00:03] INFO [application.py:update_piezo_1_phase_slider_label:454] Piezo 1 phase label update: 61 (deg)
[23/May/2023 23:00:03] INFO [application.py:update_piezo_1_phase_slider_label:454] Piezo 1 phase label update: 60 (deg)
[23/May/2023 23:00:03] INFO [application.py:update_piezo_1_phase_slider_label:454] Piezo 1 phase label update: 59 (deg)
[23/May/2023 23:00:03] INFO [application.py:update_piezo_1_phase_slider_label:454] Piezo 1 phase label update: 58 (deg)
[23/May/2023 23:00:03] INFO [application.py:update_piezo_1_phase_slider_label:454] Piezo 1 phase label update: 57 (deg)
[23/May/2023 23:00:03] INFO [application.py:update_piezo_1_phase_slider_label:454] Piezo 1 phase label update: 56 (deg)
[23/May/2023 23:00:03] INFO [application.py:update_piezo_1_phase_slider_label:454] Piezo 1 phase label update: 55 (deg)
[23/May/2023 23:00:03] INFO [application.py:update_piezo_1_phase_slider_label:454] Piezo 1 phase label update: 54 (deg)
[23/May/2023 23:00:03] INFO [application.py:update_piezo_1_phase_slider_label:454] Piezo 1 phase label update: 53 (deg)
[23/May/2023 23:00:03] INFO [application.py:update_piezo_1_phase_slider_label:454] Piezo 1 phase label update: 52 (deg)
[23/May/2023 23:00:03] INFO [application.py:update_piezo_1_phase_slider_label:454] Piezo 1 phase label update: 51 (deg)
[23/May/2023 23:00:03] INFO [application.py:update_piezo_1_phase_slider_label:454] Piezo 1 phase label update: 50 (deg)
[23/May/2023 23:00:03] INFO [application.py:update_piezo_1_phase_slider_label:454] Piezo 1 phase label update: 49 (deg)
[23/May/2023 23:00:03] INFO [application.py:update_piezo_1_phase_slider_label:454] Piezo 1 phase label update: 48 (deg)
[23/May/2023 23:00:03] INFO [application.py:update_piezo_1_phase_slider_label:454] Piezo 1 phase label update: 47 (deg)
[23/May/2023 23:00:03] INFO [application.py:update_piezo_1_phase_slider_label:454] Piezo 1 phase label update: 46 (deg)
[23/May/2023 23:00:03] INFO [application.py:update_piezo_1_phase_slider_label:454] Piezo 1 phase label update: 45 (deg)
[23/May/2023 23:00:03] INFO [application.py:update_piezo_1_phase_slider_label:454] Piezo 1 phase label update: 44 (deg)
[23/May/2023 23:00:03] INFO [application.py:update_piezo_1_phase_slider_label:454] Piezo 1 phase label update: 43 (deg)
[23/May/2023 23:00:03] INFO [application.py:update_piezo_1_phase_slider_label:454] Piezo 1 phase label update: 42 (deg)
[23/May/2023 23:00:03] INFO [application.py:update_piezo_1_phase_slider_label:454] Piezo 1 phase label update: 41 (deg)
[23/May/2023 23:00:03] INFO [application.py:update_piezo_1_phase_slider_label:454] Piezo 1 phase label update: 40 (deg)
[23/May/2023 23:00:03] INFO [application.py:update_piezo_1_phase_slider_label:454] Piezo 1 phase label update: 39 (deg)
[23/May/2023 23:00:03] INFO [application.py:update_piezo_1_phase_slider_label:454] Piezo 1 phase label update: 38 (deg)
[23/May/2023 23:00:03] INFO [application.py:update_piezo_1_phase_slider_label:454] Piezo 1 phase label update: 37 (deg)
[23/May/2023 23:00:03] INFO [application.py:update_piezo_1_phase_slider_label:454] Piezo 1 phase label update: 36 (deg)
[23/May/2023 23:00:03] INFO [application.py:update_piezo_1_phase_slider_label:454] Piezo 1 phase label update: 35 (deg)
[23/May/2023 23:00:03] INFO [application.py:update_piezo_1_phase_slider_label:454] Piezo 1 phase label update: 34 (deg)
[23/May/2023 23:00:03] INFO [application.py:update_piezo_1_phase_slider_label:454] Piezo 1 phase label update: 33 (deg)
[23/May/2023 23:00:04] INFO [application.py:enable_piezo_1:543] Piezo 1 disabled
[23/May/2023 23:00:12] INFO [application.py:enable_piezo_1:541] Piezo 1 enabled
[23/May/2023 23:00:14] INFO [application.py:update_piezo_1_freq_slider_label:446] Piezo 1 frequency label update: 507 (Hz)
[23/May/2023 23:00:14] INFO [application.py:update_piezo_1_freq_slider_label:446] Piezo 1 frequency label update: 513 (Hz)
[23/May/2023 23:00:14] INFO [application.py:update_piezo_1_freq_slider_label:446] Piezo 1 frequency label update: 519 (Hz)
[23/May/2023 23:00:14] INFO [application.py:update_piezo_1_freq_slider_label:446] Piezo 1 frequency label update: 525 (Hz)
[23/May/2023 23:00:15] INFO [application.py:update_piezo_1_freq_slider_label:446] Piezo 1 frequency label update: 531 (Hz)
[23/May/2023 23:00:15] INFO [application.py:update_piezo_1_freq_slider_label:446] Piezo 1 frequency label update: 537 (Hz)
[23/May/2023 23:00:15] INFO [application.py:update_piezo_1_freq_slider_label:446] Piezo 1 frequency label update: 543 (Hz)
[23/May/2023 23:00:15] INFO [application.py:update_piezo_1_freq_slider_label:446] Piezo 1 frequency label update: 549 (Hz)
[23/May/2023 23:00:15] INFO [application.py:update_piezo_1_freq_slider_label:446] Piezo 1 frequency label update: 555 (Hz)
[23/May/2023 23:00:15] INFO [application.py:update_piezo_1_freq_slider_label:446] Piezo 1 frequency label update: 560 (Hz)
[23/May/2023 23:00:15] INFO [application.py:update_piezo_1_freq_slider_label:446] Piezo 1 frequency label update: 566 (Hz)
[23/May/2023 23:00:15] INFO [application.py:update_piezo_1_freq_slider_label:446] Piezo 1 frequency label update: 572 (Hz)
[23/May/2023 23:00:15] INFO [application.py:update_piezo_1_freq_slider_label:446] Piezo 1 frequency label update: 596 (Hz)
[23/May/2023 23:00:15] INFO [application.py:update_piezo_1_freq_slider_label:446] Piezo 1 frequency label update: 602 (Hz)
[23/May/2023 23:00:15] INFO [application.py:update_piezo_1_freq_slider_label:446] Piezo 1 frequency label update: 608 (Hz)
[23/May/2023 23:00:15] INFO [application.py:update_piezo_1_freq_slider_label:446] Piezo 1 frequency label update: 620 (Hz)
[23/May/2023 23:00:15] INFO [application.py:update_piezo_1_freq_slider_label:446] Piezo 1 frequency label update: 626 (Hz)
[23/May/2023 23:00:15] INFO [application.py:update_piezo_1_freq_slider_label:446] Piezo 1 frequency label update: 632 (Hz)
[23/May/2023 23:00:15] INFO [application.py:update_piezo_1_freq_slider_label:446] Piezo 1 frequency label update: 637 (Hz)
[23/May/2023 23:00:15] INFO [application.py:update_piezo_1_freq_slider_label:446] Piezo 1 frequency label update: 649 (Hz)
[23/May/2023 23:00:15] INFO [application.py:update_piezo_1_freq_slider_label:446] Piezo 1 frequency label update: 661 (Hz)
[23/May/2023 23:00:15] INFO [application.py:update_piezo_1_freq_slider_label:446] Piezo 1 frequency label update: 667 (Hz)
[23/May/2023 23:00:15] INFO [application.py:update_piezo_1_freq_slider_label:446] Piezo 1 frequency label update: 673 (Hz)
[23/May/2023 23:00:15] INFO [application.py:update_piezo_1_freq_slider_label:446] Piezo 1 frequency label update: 685 (Hz)
[23/May/2023 23:00:15] INFO [application.py:update_piezo_1_freq_slider_label:446] Piezo 1 frequency label update: 691 (Hz)
[23/May/2023 23:00:15] INFO [application.py:update_piezo_1_freq_slider_label:446] Piezo 1 frequency label update: 708 (Hz)
[23/May/2023 23:00:15] INFO [application.py:update_piezo_1_freq_slider_label:446] Piezo 1 frequency label update: 714 (Hz)
[23/May/2023 23:00:15] INFO [application.py:update_piezo_1_freq_slider_label:446] Piezo 1 frequency label update: 720 (Hz)
[23/May/2023 23:00:15] INFO [application.py:update_piezo_1_freq_slider_label:446] Piezo 1 frequency label update: 732 (Hz)
[23/May/2023 23:00:15] INFO [application.py:update_piezo_1_freq_slider_label:446] Piezo 1 frequency label update: 738 (Hz)
[23/May/2023 23:00:15] INFO [application.py:update_piezo_1_freq_slider_label:446] Piezo 1 frequency label update: 750 (Hz)
[23/May/2023 23:00:15] INFO [application.py:update_piezo_1_freq_slider_label:446] Piezo 1 frequency label update: 762 (Hz)
[23/May/2023 23:00:15] INFO [application.py:update_piezo_1_freq_slider_label:446] Piezo 1 frequency label update: 768 (Hz)
[23/May/2023 23:00:15] INFO [application.py:update_piezo_1_freq_slider_label:446] Piezo 1 frequency label update: 774 (Hz)
[23/May/2023 23:00:15] INFO [application.py:update_piezo_1_freq_slider_label:446] Piezo 1 frequency label update: 791 (Hz)
[23/May/2023 23:00:15] INFO [application.py:update_piezo_1_freq_slider_label:446] Piezo 1 frequency label update: 809 (Hz)
[23/May/2023 23:00:15] INFO [application.py:update_piezo_1_freq_slider_label:446] Piezo 1 frequency label update: 821 (Hz)
[23/May/2023 23:00:15] INFO [application.py:update_piezo_1_freq_slider_label:446] Piezo 1 frequency label update: 839 (Hz)
[23/May/2023 23:00:15] INFO [application.py:update_piezo_1_freq_slider_label:446] Piezo 1 frequency label update: 845 (Hz)
[23/May/2023 23:00:15] INFO [application.py:update_piezo_1_freq_slider_label:446] Piezo 1 frequency label update: 862 (Hz)
[23/May/2023 23:00:15] INFO [application.py:update_piezo_1_freq_slider_label:446] Piezo 1 frequency label update: 874 (Hz)
[23/May/2023 23:00:15] INFO [application.py:update_piezo_1_freq_slider_label:446] Piezo 1 frequency label update: 892 (Hz)
[23/May/2023 23:00:15] INFO [application.py:update_piezo_1_freq_slider_label:446] Piezo 1 frequency label update: 898 (Hz)
[23/May/2023 23:00:15] INFO [application.py:update_piezo_1_freq_slider_label:446] Piezo 1 frequency label update: 922 (Hz)
[23/May/2023 23:00:15] INFO [application.py:update_piezo_1_freq_slider_label:446] Piezo 1 frequency label update: 933 (Hz)
[23/May/2023 23:00:15] INFO [application.py:update_piezo_1_freq_slider_label:446] Piezo 1 frequency label update: 945 (Hz)
[23/May/2023 23:00:15] INFO [application.py:update_piezo_1_freq_slider_label:446] Piezo 1 frequency label update: 963 (Hz)
[23/May/2023 23:00:15] INFO [application.py:update_piezo_1_freq_slider_label:446] Piezo 1 frequency label update: 981 (Hz)
[23/May/2023 23:00:15] INFO [application.py:update_piezo_1_freq_slider_label:446] Piezo 1 frequency label update: 987 (Hz)
[23/May/2023 23:00:15] INFO [application.py:update_piezo_1_freq_slider_label:446] Piezo 1 frequency label update: 993 (Hz)
[23/May/2023 23:00:15] INFO [application.py:update_piezo_1_freq_slider_label:446] Piezo 1 frequency label update: 1004 (Hz)
[23/May/2023 23:00:15] INFO [application.py:update_piezo_1_freq_slider_label:446] Piezo 1 frequency label update: 1016 (Hz)
[23/May/2023 23:00:15] INFO [application.py:update_piezo_1_freq_slider_label:446] Piezo 1 frequency label update: 1028 (Hz)
[23/May/2023 23:00:15] INFO [application.py:update_piezo_1_freq_slider_label:446] Piezo 1 frequency label update: 1034 (Hz)
[23/May/2023 23:00:15] INFO [application.py:update_piezo_1_freq_slider_label:446] Piezo 1 frequency label update: 1052 (Hz)
[23/May/2023 23:00:15] INFO [application.py:update_piezo_1_freq_slider_label:446] Piezo 1 frequency label update: 1064 (Hz)
[23/May/2023 23:00:15] INFO [application.py:update_piezo_1_freq_slider_label:446] Piezo 1 frequency label update: 1070 (Hz)
[23/May/2023 23:00:15] INFO [application.py:update_piezo_1_freq_slider_label:446] Piezo 1 frequency label update: 1075 (Hz)
[23/May/2023 23:00:15] INFO [application.py:update_piezo_1_freq_slider_label:446] Piezo 1 frequency label update: 1087 (Hz)
[23/May/2023 23:00:15] INFO [application.py:update_piezo_1_freq_slider_label:446] Piezo 1 frequency label update: 1093 (Hz)
[23/May/2023 23:00:15] INFO [application.py:update_piezo_1_freq_slider_label:446] Piezo 1 frequency label update: 1105 (Hz)
[23/May/2023 23:00:15] INFO [application.py:update_piezo_1_freq_slider_label:446] Piezo 1 frequency label update: 1111 (Hz)
[23/May/2023 23:00:15] INFO [application.py:update_piezo_1_freq_slider_label:446] Piezo 1 frequency label update: 1117 (Hz)
[23/May/2023 23:00:15] INFO [application.py:update_piezo_1_freq_slider_label:446] Piezo 1 frequency label update: 1123 (Hz)
[23/May/2023 23:00:15] INFO [application.py:update_piezo_1_freq_slider_label:446] Piezo 1 frequency label update: 1129 (Hz)
[23/May/2023 23:00:15] INFO [application.py:update_piezo_1_freq_slider_label:446] Piezo 1 frequency label update: 1135 (Hz)
[23/May/2023 23:00:15] INFO [application.py:update_piezo_1_freq_slider_label:446] Piezo 1 frequency label update: 1141 (Hz)
[23/May/2023 23:00:15] INFO [application.py:update_piezo_1_freq_slider_label:446] Piezo 1 frequency label update: 1147 (Hz)
[23/May/2023 23:00:15] INFO [application.py:update_piezo_1_freq_slider_label:446] Piezo 1 frequency label update: 1152 (Hz)
[23/May/2023 23:00:15] INFO [application.py:update_piezo_1_freq_slider_label:446] Piezo 1 frequency label update: 1158 (Hz)
[23/May/2023 23:00:15] INFO [application.py:update_piezo_1_freq_slider_label:446] Piezo 1 frequency label update: 1164 (Hz)
[23/May/2023 23:00:15] INFO [application.py:update_piezo_1_freq_slider_label:446] Piezo 1 frequency label update: 1170 (Hz)
[23/May/2023 23:00:15] INFO [application.py:update_piezo_1_freq_slider_label:446] Piezo 1 frequency label update: 1176 (Hz)
